[ 14%] [32mBuilding CXX object CMakeFiles/sdkeli_ls_core.dir/src/sdkeli_ls_common.cpp.o[0m
[ 28%] [32mBuilding CXX object CMakeFiles/sdkeli_ls_core.dir/src/sdkeli_ls_common_udp.cpp.o[0m
[ 42%] [32mBuilding CXX object CMakeFiles/sdkeli_ls_core.dir/src/sdkeli_ls1207de_parser.cpp.o[0m
In file included from [01m[K/home/tri/gitee_ws/sdkeli_gitee/src/sdkeli_ls1207de_parser.cpp:2[m[K:
[01m[K/home/tri/gitee_ws/sdkeli_gitee/include/sdkeli_ls_udp/sdkeli_ls_sensor_frame.h:20:24:[m[K [01;35m[Kwarning: [m[KISO C++ forbids zero-size array â€˜[01m[Ksens_data[m[Kâ€™ [[01;35m[K]8;;https://gcc.gnu.org/onlinedocs/gcc/Warning-Options.html#index-Wpedantic-Wpedantic]8;;[m[K]
   20 |     uint16_t sens_data[[01;35m[K0[m[K];
      |                        [01;35m[K^[m[K
[01m[K/home/tri/gitee_ws/sdkeli_gitee/src/sdkeli_ls_common.cpp:[m[K In member function â€˜[01m[Kint sdkeli_ls_udp::CSDKeliLsCommon::[01;32m[KLoopOnce[m[K()[m[Kâ€™:
[01m[K/home/tri/gitee_ws/sdkeli_gitee/src/sdkeli_ls_common.cpp:100:34:[m[K [01;31m[Kerror: [m[Kâ€˜[01m[KRECV_BUFFER_SIZE[m[Kâ€™ was not declared in this scope
  100 |     std::memset(recv_buffer_, 0, [01;31m[KRECV_BUFFER_SIZE[m[K);
      |                                  [01;31m[K^~~~~~~~~~~~~~~~[m[K
[01m[K/home/tri/gitee_ws/sdkeli_gitee/src/sdkeli_ls_common.cpp:105:20:[m[K [01;31m[Kerror: [m[Kâ€˜[01m[KCMD_FRAME_HEADER_LENGTH_H[m[Kâ€™ was not declared in this scope
  105 |     ((recv_buffer_[[01;31m[KCMD_FRAME_HEADER_LENGTH_H[m[K] << 8) |
      |                    [01;31m[K^~~~~~~~~~~~~~~~~~~~~~~~~[m[K
[01m[K/home/tri/gitee_ws/sdkeli_gitee/src/sdkeli_ls_common.cpp:106:19:[m[K [01;31m[Kerror: [m[Kâ€˜[01m[KCMD_FRAME_HEADER_LENGTH_L[m[Kâ€™ was not declared in this scope
  106 |      recv_buffer_[[01;31m[KCMD_FRAME_HEADER_LENGTH_L[m[K]) -
      |                   [01;31m[K^~~~~~~~~~~~~~~~~~~~~~~~~[m[K
[01m[K/home/tri/gitee_ws/sdkeli_gitee/src/sdkeli_ls_common.cpp:107:6:[m[K [01;31m[Kerror: [m[Kâ€˜[01m[KCMD_FRAME_DATA_START[m[Kâ€™ was not declared in this scope
  107 |     ([01;31m[KCMD_FRAME_DATA_START[m[K - CMD_FRAME_HEADER_CHECK_SUM);
      |      [01;31m[K^~~~~~~~~~~~~~~~~~~~[m[K
[01m[K/home/tri/gitee_ws/sdkeli_gitee/src/sdkeli_ls_common.cpp:107:29:[m[K [01;31m[Kerror: [m[Kâ€˜[01m[KCMD_FRAME_HEADER_CHECK_SUM[m[Kâ€™ was not declared in this scope
  107 |     (CMD_FRAME_DATA_START - [01;31m[KCMD_FRAME_HEADER_CHECK_SUM[m[K);
      |                             [01;31m[K^~~~~~~~~~~~~~~~~~~~~~~~~~[m[K
[01m[K/home/tri/gitee_ws/sdkeli_gitee/src/sdkeli_ls_common.cpp:110:19:[m[K [01;31m[Kerror: [m[Kâ€˜[01m[KCMD_FRAME_HEADER_TOTAL_INDEX_H[m[Kâ€™ was not declared in this scope
  110 |     (recv_buffer_[[01;31m[KCMD_FRAME_HEADER_TOTAL_INDEX_H[m[K] << 8) |
      |                   [01;31m[K^~~~~~~~~~~~~~~~~~~~~~~~~~~~~~[m[K
[01m[K/home/tri/gitee_ws/sdkeli_gitee/src/sdkeli_ls_common.cpp:111:19:[m[K [01;31m[Kerror: [m[Kâ€˜[01m[KCMD_FRAME_HEADER_TOTAL_INDEX_L[m[Kâ€™ was not declared in this scope
  111 |      recv_buffer_[[01;31m[KCMD_FRAME_HEADER_TOTAL_INDEX_L[m[K];
      |                   [01;31m[K^~~~~~~~~~~~~~~~~~~~~~~~~~~~~~[m[K
[01m[K/home/tri/gitee_ws/sdkeli_gitee/src/sdkeli_ls_common.cpp:114:18:[m[K [01;31m[Kerror: [m[Kâ€˜[01m[KCMD_FRAME_HEADER_SUB_PKG_NUM[m[Kâ€™ was not declared in this scope
  114 |     recv_buffer_[[01;31m[KCMD_FRAME_HEADER_SUB_PKG_NUM[m[K];
      |                  [01;31m[K^~~~~~~~~~~~~~~~~~~~~~~~~~~~[m[K
[01m[K/home/tri/gitee_ws/sdkeli_gitee/src/sdkeli_ls_common.cpp:116:18:[m[K [01;31m[Kerror: [m[Kâ€˜[01m[KCMD_FRAME_HEADER_SUB_INDEX[m[Kâ€™ was not declared in this scope
  116 |     recv_buffer_[[01;31m[KCMD_FRAME_HEADER_SUB_INDEX[m[K];
      |                  [01;31m[K^~~~~~~~~~~~~~~~~~~~~~~~~~[m[K
[01m[K/home/tri/gitee_ws/sdkeli_gitee/src/sdkeli_ls_common.cpp:120:46:[m[K [01;31m[Kerror: [m[Kâ€˜[01m[KCMD_FRAME_HEADER_TYPE[m[Kâ€™ was not declared in this scope
  120 |        i < raw_len + (CMD_FRAME_DATA_START - [01;31m[KCMD_FRAME_HEADER_TYPE[m[K);
      |                                              [01;31m[K^~~~~~~~~~~~~~~~~~~~~[m[K
[01m[K/home/tri/gitee_ws/sdkeli_gitee/src/sdkeli_ls_common.cpp:131:21:[m[K [01;31m[Kerror: [m[Kâ€˜[01m[KCMD_FRAME_MIN_SUB_PKG_NUM[m[Kâ€™ was not declared in this scope
  131 |   if (sub_pkg_num < [01;31m[KCMD_FRAME_MIN_SUB_PKG_NUM[m[K ||
      |                     [01;31m[K^~~~~~~~~~~~~~~~~~~~~~~~~[m[K
[01m[K/home/tri/gitee_ws/sdkeli_gitee/src/sdkeli_ls_common.cpp:132:21:[m[K [01;31m[Kerror: [m[Kâ€˜[01m[KCMD_FRAME_MAX_SUB_PKG_NUM[m[Kâ€™ was not declared in this scope
  132 |       sub_pkg_num > [01;31m[KCMD_FRAME_MAX_SUB_PKG_NUM[m[K)
      |                     [01;31m[K^~~~~~~~~~~~~~~~~~~~~~~~~[m[K
[01m[K/home/tri/gitee_ws/sdkeli_gitee/src/sdkeli_ls_common.cpp:148:30:[m[K [01;35m[Kwarning: [m[Kcomparison of integer expressions of different signedness: â€˜[01m[Kunsigned int[m[Kâ€™ and â€˜[01m[Kint[m[Kâ€™ [[01;35m[K]8;;https://gcc.gnu.org/onlinedocs/gcc/Warning-Options.html#index-Wsign-compare-Wsign-compare]8;;[m[K]
  148 |   for (unsigned int i = 0; [01;35m[Ki < sub_pkg_num - 1[m[K; ++i)
      |                            [01;35m[K~~^~~~~~~~~~~~~~~~~[m[K
[01m[K/home/tri/gitee_ws/sdkeli_gitee/src/sdkeli_ls_common.cpp:[m[K At global scope:
[01m[K/home/tri/gitee_ws/sdkeli_gitee/src/sdkeli_ls_common.cpp:207:6:[m[K [01;31m[Kerror: [m[Kno declaration matches â€˜[01m[Kvoid sdkeli_ls_udp::CSDKeliLsCommon::[01;32m[KCheckAngleRange[m[K(sdkeli_ls_udp::SDKeliLsConfig&)[m[Kâ€™
  207 | void [01;31m[KCSDKeliLsCommon[m[K::CheckAngleRange(SDKeliLsConfig & config)
      |      [01;31m[K^~~~~~~~~~~~~~~[m[K
[01m[K/home/tri/gitee_ws/sdkeli_gitee/src/sdkeli_ls_common.cpp:207:6:[m[K [01;36m[Knote: [m[Kno functions named â€˜[01m[Kvoid sdkeli_ls_udp::CSDKeliLsCommon::[01;32m[KCheckAngleRange[m[K(sdkeli_ls_udp::SDKeliLsConfig&)[m[Kâ€™
In file included from [01m[K/home/tri/gitee_ws/sdkeli_gitee/src/sdkeli_ls_common.cpp:1[m[K:
[01m[K/home/tri/gitee_ws/sdkeli_gitee/include/sdkeli_ls_udp/sdkeli_ls_common.h:15:7:[m[K [01;36m[Knote: [m[Kâ€˜[01m[Kclass sdkeli_ls_udp::CSDKeliLsCommon[m[Kâ€™ defined here
   15 | class [01;36m[KCSDKeliLsCommon[m[K
      |       [01;36m[K^~~~~~~~~~~~~~~[m[K
[01m[K/home/tri/gitee_ws/sdkeli_gitee/src/sdkeli_ls_common.cpp:[m[K In member function â€˜[01m[Kvoid sdkeli_ls_udp::CSDKeliLsCommon::[01;32m[KUpdateConfig[m[K(const sdkeli_ls_udp::SDKeliLsConfig&)[m[Kâ€™:
[01m[K/home/tri/gitee_ws/sdkeli_gitee/src/sdkeli_ls_common.cpp:218:3:[m[K [01;31m[Kerror: [m[Kâ€˜[01m[KCheckAngleRange[m[Kâ€™ was not declared in this scope
  218 |   [01;31m[KCheckAngleRange[m[K(config_);
      |   [01;31m[K^~~~~~~~~~~~~~~[m[K
[01m[K/home/tri/gitee_ws/sdkeli_gitee/src/sdkeli_ls_common.cpp:[m[K At global scope:
[01m[K/home/tri/gitee_ws/sdkeli_gitee/src/sdkeli_ls_common.cpp:221:6:[m[K [01;31m[Kerror: [m[Kno declaration matches â€˜[01m[Kvoid sdkeli_ls_udp::CSDKeliLsCommon::[01;32m[KDumpLaserMessage[m[K(sensor_msgs::msg::LaserScan&)[m[Kâ€™
  221 | void [01;31m[KCSDKeliLsCommon[m[K::DumpLaserMessage(
      |      [01;31m[K^~~~~~~~~~~~~~~[m[K
[01m[K/home/tri/gitee_ws/sdkeli_gitee/src/sdkeli_ls_common.cpp:221:6:[m[K [01;36m[Knote: [m[Kno functions named â€˜[01m[Kvoid sdkeli_ls_udp::CSDKeliLsCommon::[01;32m[KDumpLaserMessage[m[K(sensor_msgs::msg::LaserScan&)[m[Kâ€™
[01m[K/home/tri/gitee_ws/sdkeli_gitee/include/sdkeli_ls_udp/sdkeli_ls_common.h:15:7:[m[K [01;36m[Knote: [m[Kâ€˜[01m[Kclass sdkeli_ls_udp::CSDKeliLsCommon[m[Kâ€™ defined here
   15 | class [01;36m[KCSDKeliLsCommon[m[K
      |       [01;36m[K^~~~~~~~~~~~~~~[m[K
gmake[2]: *** [CMakeFiles/sdkeli_ls_core.dir/build.make:76: CMakeFiles/sdkeli_ls_core.dir/src/sdkeli_ls_common.cpp.o] Error 1
gmake[1]: *** [CMakeFiles/Makefile2:139: CMakeFiles/sdkeli_ls_core.dir/all] Error 2
gmake: *** [Makefile:146: all] Error 2
