-- Found ament_cmake: 2.5.4 (/opt/ros/jazzy/share/ament_cmake/cmake)
-- Override CMake install command with custom implementation using symlinks instead of copying resources
-- Found rclcpp: 28.1.12 (/opt/ros/jazzy/share/rclcpp/cmake)
-- Found rosidl_generator_c: 4.6.6 (/opt/ros/jazzy/share/rosidl_generator_c/cmake)
-- Found rosidl_generator_cpp: 4.6.6 (/opt/ros/jazzy/share/rosidl_generator_cpp/cmake)
-- Using all available rosidl_typesupport_c: rosidl_typesupport_fastrtps_c;rosidl_typesupport_introspection_c
-- Using all available rosidl_typesupport_cpp: rosidl_typesupport_fastrtps_cpp;rosidl_typesupport_introspection_cpp
-- Found rmw_implementation_cmake: 7.3.2 (/opt/ros/jazzy/share/rmw_implementation_cmake/cmake)
-- Found rmw_fastrtps_cpp: 8.4.3 (/opt/ros/jazzy/share/rmw_fastrtps_cpp/cmake)
-- Using RMW implementation 'rmw_fastrtps_cpp' as default
-- Found sensor_msgs: 5.3.6 (/opt/ros/jazzy/share/sensor_msgs/cmake)
-- Configuring done (0.8s)
-- Generating done (0.0s)
-- Build files have been written to: /home/tri/gitee_ws/sdkeli_gitee/build/sdkeli_ls_udp
[ 42%] [32mBuilding CXX object CMakeFiles/sdkeli_ls_core.dir/src/sdkeli_ls_common.cpp.o[0m
[ 42%] [32mBuilding CXX object CMakeFiles/sdkeli_ls_core.dir/src/sdkeli_ls_common_udp.cpp.o[0m
[ 42%] [32mBuilding CXX object CMakeFiles/sdkeli_ls_core.dir/src/sdkeli_ls1207de_parser.cpp.o[0m
In file included from [01m[K/home/tri/gitee_ws/sdkeli_gitee/src/sdkeli_ls1207de_parser.cpp:2[m[K:
[01m[K/home/tri/gitee_ws/sdkeli_gitee/include/sdkeli_ls_udp/sdkeli_ls_sensor_frame.h:20:24:[m[K [01;35m[Kwarning: [m[KISO C++ forbids zero-size array â€˜[01m[Ksens_data[m[Kâ€™ [[01;35m[K]8;;https://gcc.gnu.org/onlinedocs/gcc/Warning-Options.html#index-Wpedantic-Wpedantic]8;;[m[K]
   20 |     uint16_t sens_data[[01;35m[K0[m[K];
      |                        [01;35m[K^[m[K
[01m[K/home/tri/gitee_ws/sdkeli_gitee/src/sdkeli_ls1207de_parser.cpp:[m[K In member function â€˜[01m[Kvirtual int sdkeli_ls_udp::CSDKeliLs1207DEParser::[01;32m[KParse[m[K(const uint8_t*, size_t, sdkeli_ls_udp::SDKeliLsConfig&, sensor_msgs::msg::LaserScan&)[m[Kâ€™:
[01m[K/home/tri/gitee_ws/sdkeli_gitee/src/sdkeli_ls1207de_parser.cpp:135:3:[m[K [01;31m[Kerror: [m[Kâ€˜[01m[Krclcpp[m[Kâ€™ has not been declared
  135 |   [01;31m[Krclcpp[m[K::Time stamp = rclcpp::Clock().now();
      |   [01;31m[K^~~~~~[m[K
[01m[K/home/tri/gitee_ws/sdkeli_gitee/src/sdkeli_ls1207de_parser.cpp:136:3:[m[K [01;31m[Kerror: [m[Kâ€˜[01m[Kstamp[m[Kâ€™ was not declared in this scope
  136 |   [01;31m[Kstamp[m[K = stamp - rclcpp::Duration::from_seconds(scan_duration);
      |   [01;31m[K^~~~~[m[K
[01m[K/home/tri/gitee_ws/sdkeli_gitee/src/sdkeli_ls1207de_parser.cpp:136:19:[m[K [01;31m[Kerror: [m[Kâ€˜[01m[Krclcpp[m[Kâ€™ has not been declared
  136 |   stamp = stamp - [01;31m[Krclcpp[m[K::Duration::from_seconds(scan_duration);
      |                   [01;31m[K^~~~~~[m[K
[01m[K/home/tri/gitee_ws/sdkeli_gitee/src/sdkeli_ls1207de_parser.cpp:138:11:[m[K [01;31m[Kerror: [m[Kâ€˜[01m[Krclcpp[m[Kâ€™ has not been declared
  138 |           [01;31m[Krclcpp[m[K::Duration::from_seconds(
      |           [01;31m[K^~~~~~[m[K
[01m[K/home/tri/gitee_ws/sdkeli_gitee/src/sdkeli_ls1207de_parser.cpp:141:11:[m[K [01;31m[Kerror: [m[Kâ€˜[01m[Krclcpp[m[Kâ€™ has not been declared
  141 |           [01;31m[Krclcpp[m[K::Duration::from_seconds(config.time_offset);
      |           [01;31m[K^~~~~~[m[K
gmake[2]: *** [CMakeFiles/sdkeli_ls_core.dir/build.make:104: CMakeFiles/sdkeli_ls_core.dir/src/sdkeli_ls1207de_parser.cpp.o] Error 1
gmake[2]: *** Waiting for unfinished jobs....
In file included from [01m[K/home/tri/gitee_ws/sdkeli_gitee/include/sdkeli_ls_udp/sdkeli_ls_common_udp.h:11[m[K,
                 from [01m[K/home/tri/gitee_ws/sdkeli_gitee/src/sdkeli_ls_common_udp.cpp:1[m[K:
[01m[K/home/tri/gitee_ws/sdkeli_gitee/include/sdkeli_ls_udp/sdkeli_ls_common.h:15:6:[m[K [01;31m[Kerror: [m[Kmultiple definition of â€˜[01m[Kenum sdkeli_ls_udp::ExitCode[m[Kâ€™
   15 | enum [01;31m[KExitCode[m[K
      |      [01;31m[K^~~~~~~~[m[K
In file included from [01m[K/home/tri/gitee_ws/sdkeli_gitee/include/sdkeli_ls_udp/sdkeli_ls_common.h:8[m[K:
[01m[K/home/tri/gitee_ws/sdkeli_gitee/include/sdkeli_ls_udp/parser_base.h:12:6:[m[K [01;36m[Knote: [m[Kprevious definition here
   12 | enum [01;36m[KExitCode[m[K
      |      [01;36m[K^~~~~~~~[m[K
In file included from [01m[K/home/tri/gitee_ws/sdkeli_gitee/src/sdkeli_ls_common.cpp:1[m[K:
[01m[K/home/tri/gitee_ws/sdkeli_gitee/include/sdkeli_ls_udp/sdkeli_ls_common.h:15:6:[m[K [01;31m[Kerror: [m[Kmultiple definition of â€˜[01m[Kenum sdkeli_ls_udp::ExitCode[m[Kâ€™
   15 | enum [01;31m[KExitCode[m[K
      |      [01;31m[K^~~~~~~~[m[K
In file included from [01m[K/home/tri/gitee_ws/sdkeli_gitee/include/sdkeli_ls_udp/sdkeli_ls_common.h:8[m[K:
[01m[K/home/tri/gitee_ws/sdkeli_gitee/include/sdkeli_ls_udp/parser_base.h:12:6:[m[K [01;36m[Knote: [m[Kprevious definition here
   12 | enum [01;36m[KExitCode[m[K
      |      [01;36m[K^~~~~~~~[m[K
[01m[K/home/tri/gitee_ws/sdkeli_gitee/include/sdkeli_ls_udp/sdkeli_ls_common.h:31:29:[m[K [01;31m[Kerror: [m[Kâ€˜[01m[KCMD_FRAME_MAX_LEN[m[Kâ€™ was not declared in this scope
   31 |     unsigned char sens_data[[01;31m[KCMD_FRAME_MAX_LEN[m[K];
      |                             [01;31m[K^~~~~~~~~~~~~~~~~[m[K
[01m[K/home/tri/gitee_ws/sdkeli_gitee/include/sdkeli_ls_udp/sdkeli_ls_common.h:31:29:[m[K [01;31m[Kerror: [m[Kâ€˜[01m[KCMD_FRAME_MAX_LEN[m[Kâ€™ was not declared in this scope
   31 |     unsigned char sens_data[[01;31m[KCMD_FRAME_MAX_LEN[m[K];
      |                             [01;31m[K^~~~~~~~~~~~~~~~~[m[K
[01m[K/home/tri/gitee_ws/sdkeli_gitee/include/sdkeli_ls_udp/sdkeli_ls_common.h:75:24:[m[K [01;31m[Kerror: [m[Kâ€˜[01m[KRECV_BUFFER_SIZE[m[Kâ€™ was not declared in this scope
   75 |   uint8_t recv_buffer_[[01;31m[KRECV_BUFFER_SIZE[m[K];
      |                        [01;31m[K^~~~~~~~~~~~~~~~[m[K
[01m[K/home/tri/gitee_ws/sdkeli_gitee/include/sdkeli_ls_udp/sdkeli_ls_common.h:75:24:[m[K [01;31m[Kerror: [m[Kâ€˜[01m[KRECV_BUFFER_SIZE[m[Kâ€™ was not declared in this scope
   75 |   uint8_t recv_buffer_[[01;31m[KRECV_BUFFER_SIZE[m[K];
      |                        [01;31m[K^~~~~~~~~~~~~~~~[m[K
[01m[K/home/tri/gitee_ws/sdkeli_gitee/include/sdkeli_ls_udp/sdkeli_ls_common.h:76:25:[m[K [01;31m[Kerror: [m[Kâ€˜[01m[KRECV_BUFFER_SIZE[m[Kâ€™ was not declared in this scope
   76 |   uint8_t store_buffer_[[01;31m[KRECV_BUFFER_SIZE[m[K];
      |                         [01;31m[K^~~~~~~~~~~~~~~~[m[K
[01m[K/home/tri/gitee_ws/sdkeli_gitee/include/sdkeli_ls_udp/sdkeli_ls_common.h:76:25:[m[K [01;31m[Kerror: [m[Kâ€˜[01m[KRECV_BUFFER_SIZE[m[Kâ€™ was not declared in this scope
   76 |   uint8_t store_buffer_[[01;31m[KRECV_BUFFER_SIZE[m[K];
      |                         [01;31m[K^~~~~~~~~~~~~~~~[m[K
[01m[K/home/tri/gitee_ws/sdkeli_gitee/include/sdkeli_ls_udp/sdkeli_ls_common.h:77:25:[m[K [01;31m[Kerror: [m[Kâ€˜[01m[KCMD_FRAME_MAX_SUB_PKG_NUM[m[Kâ€™ was not declared in this scope
   77 |   dataSaveSt data_save_[[01;31m[KCMD_FRAME_MAX_SUB_PKG_NUM[m[K];
      |                         [01;31m[K^~~~~~~~~~~~~~~~~~~~~~~~~[m[K
[01m[K/home/tri/gitee_ws/sdkeli_gitee/include/sdkeli_ls_udp/sdkeli_ls_common.h:77:25:[m[K [01;31m[Kerror: [m[Kâ€˜[01m[KCMD_FRAME_MAX_SUB_PKG_NUM[m[Kâ€™ was not declared in this scope
   77 |   dataSaveSt data_save_[[01;31m[KCMD_FRAME_MAX_SUB_PKG_NUM[m[K];
      |                         [01;31m[K^~~~~~~~~~~~~~~~~~~~~~~~~[m[K
[01m[K/home/tri/gitee_ws/sdkeli_gitee/src/sdkeli_ls_common.cpp:[m[K In constructor â€˜[01m[Ksdkeli_ls_udp::CSDKeliLsCommon::[01;32m[KCSDKeliLsCommon[m[K(sdkeli_ls_udp::CParserBase*, const rclcpp::Node::SharedPtr&)[m[Kâ€™:
[01m[K/home/tri/gitee_ws/sdkeli_gitee/src/sdkeli_ls_common.cpp:14:3:[m[K [01;31m[Kerror: [m[Kclass â€˜[01m[Ksdkeli_ls_udp::CSDKeliLsCommon[m[Kâ€™ does not have any field named â€˜[01m[Kexpected_freq_[m[Kâ€™
   14 |   [01;31m[Kexpected_freq_[m[K(15.0)
      |   [01;31m[K^~~~~~~~~~~~~~[m[K
[01m[K/home/tri/gitee_ws/sdkeli_gitee/src/sdkeli_ls_common_udp.cpp:[m[K In member function â€˜[01m[Kvirtual int sdkeli_ls_udp::CSDKeliLsCommonUdp::[01;32m[KSendDeviceReq[m[K(const uint8_t*, size_t)[m[Kâ€™:
[01m[K/home/tri/gitee_ws/sdkeli_gitee/src/sdkeli_ls_common_udp.cpp:126:9:[m[K [01;31m[Kerror: [m[Kinvalid â€˜[01m[Kconst_cast[m[Kâ€™ from type â€˜[01m[Kconst uint8_t*[m[Kâ€™ {aka â€˜[01m[Kconst unsigned char*[m[Kâ€™} to type â€˜[01m[Kchar*[m[Kâ€™
  126 |         [01;31m[Kconst_cast<char *>(req)[m[K,
      |         [01;31m[K^~~~~~~~~~~~~~~~~~~~~~~[m[K
[01m[K/home/tri/gitee_ws/sdkeli_gitee/src/sdkeli_ls_common.cpp:16:15:[m[K [01;31m[Kerror: [m[Kâ€˜[01m[Krecv_buffer_[m[Kâ€™ was not declared in this scope
   16 |   std::memset([01;31m[Krecv_buffer_[m[K, 0, RECV_BUFFER_SIZE);
      |               [01;31m[K^~~~~~~~~~~~[m[K
[01m[K/home/tri/gitee_ws/sdkeli_gitee/src/sdkeli_ls_common_udp.cpp:[m[K In member function â€˜[01m[Kvirtual int sdkeli_ls_udp::CSDKeliLsCommonUdp::[01;32m[KGetDataGram[m[K(uint8_t*, int, int*)[m[Kâ€™:
[01m[K/home/tri/gitee_ws/sdkeli_gitee/src/sdkeli_ls_common_udp.cpp:164:7:[m[K [01;31m[Kerror: [m[Kâ€˜[01m[Kreceive_buffer[m[Kâ€™ was not declared in this scope
  164 |       [01;31m[Kreceive_buffer[m[K,
      |       [01;31m[K^~~~~~~~~~~~~~[m[K
[01m[K/home/tri/gitee_ws/sdkeli_gitee/src/sdkeli_ls_common_udp.cpp:137:13:[m[K [01;35m[Kwarning: [m[Kunused parameter â€˜[01m[Kbuffer[m[Kâ€™ [[01;35m[K]8;;https://gcc.gnu.org/onlinedocs/gcc/Warning-Options.html#index-Wunused-parameter-Wunused-parameter]8;;[m[K]
  137 |   [01;35m[Kuint8_t * buffer[m[K,
      |   [01;35m[K~~~~~~~~~~^~~~~~[m[K
[01m[K/home/tri/gitee_ws/sdkeli_gitee/src/sdkeli_ls_common.cpp:16:32:[m[K [01;31m[Kerror: [m[Kâ€˜[01m[KRECV_BUFFER_SIZE[m[Kâ€™ was not declared in this scope
   16 |   std::memset(recv_buffer_, 0, [01;31m[KRECV_BUFFER_SIZE[m[K);
      |                                [01;31m[K^~~~~~~~~~~~~~~~[m[K
[01m[K/home/tri/gitee_ws/sdkeli_gitee/src/sdkeli_ls_common.cpp:17:3:[m[K [01;31m[Kerror: [m[Kâ€˜[01m[Kdata_length_[m[Kâ€™ was not declared in this scope
   17 |   [01;31m[Kdata_length_[m[K = 0;
      |   [01;31m[K^~~~~~~~~~~~[m[K
[01m[K/home/tri/gitee_ws/sdkeli_gitee/src/sdkeli_ls_common.cpp:[m[K In member function â€˜[01m[Kint sdkeli_ls_udp::CSDKeliLsCommon::[01;32m[KLoopOnce[m[K()[m[Kâ€™:
[01m[K/home/tri/gitee_ws/sdkeli_gitee/src/sdkeli_ls_common.cpp:85:28:[m[K [01;31m[Kerror: [m[Kâ€˜[01m[Krecv_buffer_[m[Kâ€™ was not declared in this scope
   85 |   int result = GetDataGram([01;31m[Krecv_buffer_[m[K, RECV_BUFFER_SIZE, &recv_len);
      |                            [01;31m[K^~~~~~~~~~~~[m[K
[01m[K/home/tri/gitee_ws/sdkeli_gitee/src/sdkeli_ls_common.cpp:85:42:[m[K [01;31m[Kerror: [m[Kâ€˜[01m[KRECV_BUFFER_SIZE[m[Kâ€™ was not declared in this scope
   85 |   int result = GetDataGram(recv_buffer_, [01;31m[KRECV_BUFFER_SIZE[m[K, &recv_len);
      |                                          [01;31m[K^~~~~~~~~~~~~~~~[m[K
[01m[K/home/tri/gitee_ws/sdkeli_gitee/src/sdkeli_ls_common.cpp:107:20:[m[K [01;31m[Kerror: [m[Kâ€˜[01m[KCMD_FRAME_HEADER_LENGTH_H[m[Kâ€™ was not declared in this scope
  107 |     ((recv_buffer_[[01;31m[KCMD_FRAME_HEADER_LENGTH_H[m[K] << 8) |
      |                    [01;31m[K^~~~~~~~~~~~~~~~~~~~~~~~~[m[K
[01m[K/home/tri/gitee_ws/sdkeli_gitee/src/sdkeli_ls_common.cpp:108:19:[m[K [01;31m[Kerror: [m[Kâ€˜[01m[KCMD_FRAME_HEADER_LENGTH_L[m[Kâ€™ was not declared in this scope
  108 |      recv_buffer_[[01;31m[KCMD_FRAME_HEADER_LENGTH_L[m[K]) -
      |                   [01;31m[K^~~~~~~~~~~~~~~~~~~~~~~~~[m[K
[01m[K/home/tri/gitee_ws/sdkeli_gitee/src/sdkeli_ls_common.cpp:109:6:[m[K [01;31m[Kerror: [m[Kâ€˜[01m[KCMD_FRAME_DATA_START[m[Kâ€™ was not declared in this scope
  109 |     ([01;31m[KCMD_FRAME_DATA_START[m[K - CMD_FRAME_HEADER_CHECK_SUM);
      |      [01;31m[K^~~~~~~~~~~~~~~~~~~~[m[K
[01m[K/home/tri/gitee_ws/sdkeli_gitee/src/sdkeli_ls_common.cpp:109:29:[m[K [01;31m[Kerror: [m[Kâ€˜[01m[KCMD_FRAME_HEADER_CHECK_SUM[m[Kâ€™ was not declared in this scope
  109 |     (CMD_FRAME_DATA_START - [01;31m[KCMD_FRAME_HEADER_CHECK_SUM[m[K);
      |                             [01;31m[K^~~~~~~~~~~~~~~~~~~~~~~~~~[m[K
[01m[K/home/tri/gitee_ws/sdkeli_gitee/src/sdkeli_ls_common.cpp:112:19:[m[K [01;31m[Kerror: [m[Kâ€˜[01m[KCMD_FRAME_HEADER_TOTAL_INDEX_H[m[Kâ€™ was not declared in this scope
  112 |     (recv_buffer_[[01;31m[KCMD_FRAME_HEADER_TOTAL_INDEX_H[m[K] << 8) |
      |                   [01;31m[K^~~~~~~~~~~~~~~~~~~~~~~~~~~~~~[m[K
[01m[K/home/tri/gitee_ws/sdkeli_gitee/src/sdkeli_ls_common.cpp:113:19:[m[K [01;31m[Kerror: [m[Kâ€˜[01m[KCMD_FRAME_HEADER_TOTAL_INDEX_L[m[Kâ€™ was not declared in this scope
  113 |      recv_buffer_[[01;31m[KCMD_FRAME_HEADER_TOTAL_INDEX_L[m[K];
      |                   [01;31m[K^~~~~~~~~~~~~~~~~~~~~~~~~~~~~~[m[K
[01m[K/home/tri/gitee_ws/sdkeli_gitee/src/sdkeli_ls_common.cpp:116:18:[m[K [01;31m[Kerror: [m[Kâ€˜[01m[KCMD_FRAME_HEADER_SUB_PKG_NUM[m[Kâ€™ was not declared in this scope
  116 |     recv_buffer_[[01;31m[KCMD_FRAME_HEADER_SUB_PKG_NUM[m[K];
      |                  [01;31m[K^~~~~~~~~~~~~~~~~~~~~~~~~~~~[m[K
[01m[K/home/tri/gitee_ws/sdkeli_gitee/src/sdkeli_ls_common.cpp:118:18:[m[K [01;31m[Kerror: [m[Kâ€˜[01m[KCMD_FRAME_HEADER_SUB_INDEX[m[Kâ€™ was not declared in this scope
  118 |     recv_buffer_[[01;31m[KCMD_FRAME_HEADER_SUB_INDEX[m[K];
      |                  [01;31m[K^~~~~~~~~~~~~~~~~~~~~~~~~~[m[K
[01m[K/home/tri/gitee_ws/sdkeli_gitee/src/sdkeli_ls_common.cpp:122:46:[m[K [01;31m[Kerror: [m[Kâ€˜[01m[KCMD_FRAME_HEADER_TYPE[m[Kâ€™ was not declared in this scope
  122 |        i < raw_len + (CMD_FRAME_DATA_START - [01;31m[KCMD_FRAME_HEADER_TYPE[m[K);
      |                                              [01;31m[K^~~~~~~~~~~~~~~~~~~~~[m[K
[01m[K/home/tri/gitee_ws/sdkeli_gitee/src/sdkeli_ls_common.cpp:133:21:[m[K [01;31m[Kerror: [m[Kâ€˜[01m[KCMD_FRAME_MIN_SUB_PKG_NUM[m[Kâ€™ was not declared in this scope
  133 |   if (sub_pkg_num < [01;31m[KCMD_FRAME_MIN_SUB_PKG_NUM[m[K ||
      |                     [01;31m[K^~~~~~~~~~~~~~~~~~~~~~~~~[m[K
[01m[K/home/tri/gitee_ws/sdkeli_gitee/src/sdkeli_ls_common.cpp:134:21:[m[K [01;31m[Kerror: [m[Kâ€˜[01m[KCMD_FRAME_MAX_SUB_PKG_NUM[m[Kâ€™ was not declared in this scope
  134 |       sub_pkg_num > [01;31m[KCMD_FRAME_MAX_SUB_PKG_NUM[m[K)
      |                     [01;31m[K^~~~~~~~~~~~~~~~~~~~~~~~~[m[K
[01m[K/home/tri/gitee_ws/sdkeli_gitee/src/sdkeli_ls_common.cpp:139:3:[m[K [01;31m[Kerror: [m[Kâ€˜[01m[Kdata_save_[m[Kâ€™ was not declared in this scope
  139 |   [01;31m[Kdata_save_[m[K[sub_pkg_idx].totaIndexlCount = frame_index;
      |   [01;31m[K^~~~~~~~~~[m[K
[01m[K/home/tri/gitee_ws/sdkeli_gitee/src/sdkeli_ls_common.cpp:150:30:[m[K [01;35m[Kwarning: [m[Kcomparison of integer expressions of different signedness: â€˜[01m[Kunsigned int[m[Kâ€™ and â€˜[01m[Kint[m[Kâ€™ [[01;35m[K]8;;https://gcc.gnu.org/onlinedocs/gcc/Warning-Options.html#index-Wsign-compare-Wsign-compare]8;;[m[K]
  150 |   for (unsigned int i = 0; [01;35m[Ki < sub_pkg_num - 1[m[K; ++i)
      |                            [01;35m[K~~^~~~~~~~~~~~~~~~~[m[K
[01m[K/home/tri/gitee_ws/sdkeli_gitee/src/sdkeli_ls_common.cpp:170:7:[m[K [01;31m[Kerror: [m[Kâ€˜[01m[Kstore_buffer_[m[Kâ€™ was not declared in this scope; did you mean â€˜[01m[Ksetbuffer[m[Kâ€™?
  170 |       [01;31m[Kstore_buffer_[m[K + total_data_len,
      |       [01;31m[K^~~~~~~~~~~~~[m[K
      |       [32m[Ksetbuffer[m[K
[01m[K/home/tri/gitee_ws/sdkeli_gitee/src/sdkeli_ls_common.cpp:195:7:[m[K [01;31m[Kerror: [m[Kâ€˜[01m[Kstore_buffer_[m[Kâ€™ was not declared in this scope; did you mean â€˜[01m[Ksetbuffer[m[Kâ€™?
  195 |       [01;31m[Kstore_buffer_[m[K,
      |       [01;31m[K^~~~~~~~~~~~~[m[K
      |       [32m[Ksetbuffer[m[K
[01m[K/home/tri/gitee_ws/sdkeli_gitee/src/sdkeli_ls_common.cpp:[m[K At global scope:
[01m[K/home/tri/gitee_ws/sdkeli_gitee/src/sdkeli_ls_common.cpp:209:6:[m[K [01;31m[Kerror: [m[Kno declaration matches â€˜[01m[Kvoid sdkeli_ls_udp::CSDKeliLsCommon::[01;32m[KCheckAngleRange[m[K(sdkeli_ls_udp::SDKeliLsConfig&)[m[Kâ€™
  209 | void [01;31m[KCSDKeliLsCommon[m[K::CheckAngleRange(SDKeliLsConfig & config)
      |      [01;31m[K^~~~~~~~~~~~~~~[m[K
[01m[K/home/tri/gitee_ws/sdkeli_gitee/src/sdkeli_ls_common.cpp:209:6:[m[K [01;36m[Knote: [m[Kno functions named â€˜[01m[Kvoid sdkeli_ls_udp::CSDKeliLsCommon::[01;32m[KCheckAngleRange[m[K(sdkeli_ls_udp::SDKeliLsConfig&)[m[Kâ€™
[01m[K/home/tri/gitee_ws/sdkeli_gitee/include/sdkeli_ls_udp/sdkeli_ls_common.h:22:7:[m[K [01;36m[Knote: [m[Kâ€˜[01m[Kclass sdkeli_ls_udp::CSDKeliLsCommon[m[Kâ€™ defined here
   22 | class [01;36m[KCSDKeliLsCommon[m[K
      |       [01;36m[K^~~~~~~~~~~~~~~[m[K
[01m[K/home/tri/gitee_ws/sdkeli_gitee/src/sdkeli_ls_common.cpp:[m[K In member function â€˜[01m[Kvoid sdkeli_ls_udp::CSDKeliLsCommon::[01;32m[KUpdateConfig[m[K(const sdkeli_ls_udp::SDKeliLsConfig&)[m[Kâ€™:
[01m[K/home/tri/gitee_ws/sdkeli_gitee/src/sdkeli_ls_common.cpp:220:3:[m[K [01;31m[Kerror: [m[Kâ€˜[01m[KCheckAngleRange[m[Kâ€™ was not declared in this scope
  220 |   [01;31m[KCheckAngleRange[m[K(config_);
      |   [01;31m[K^~~~~~~~~~~~~~~[m[K
[01m[K/home/tri/gitee_ws/sdkeli_gitee/src/sdkeli_ls_common.cpp:[m[K At global scope:
[01m[K/home/tri/gitee_ws/sdkeli_gitee/src/sdkeli_ls_common.cpp:223:6:[m[K [01;31m[Kerror: [m[Kno declaration matches â€˜[01m[Kvoid sdkeli_ls_udp::CSDKeliLsCommon::[01;32m[KDumpLaserMessage[m[K(sensor_msgs::msg::LaserScan&)[m[Kâ€™
  223 | void [01;31m[KCSDKeliLsCommon[m[K::DumpLaserMessage(
      |      [01;31m[K^~~~~~~~~~~~~~~[m[K
[01m[K/home/tri/gitee_ws/sdkeli_gitee/src/sdkeli_ls_common.cpp:223:6:[m[K [01;36m[Knote: [m[Kno functions named â€˜[01m[Kvoid sdkeli_ls_udp::CSDKeliLsCommon::[01;32m[KDumpLaserMessage[m[K(sensor_msgs::msg::LaserScan&)[m[Kâ€™
[01m[K/home/tri/gitee_ws/sdkeli_gitee/include/sdkeli_ls_udp/sdkeli_ls_common.h:22:7:[m[K [01;36m[Knote: [m[Kâ€˜[01m[Kclass sdkeli_ls_udp::CSDKeliLsCommon[m[Kâ€™ defined here
   22 | class [01;36m[KCSDKeliLsCommon[m[K
      |       [01;36m[K^~~~~~~~~~~~~~~[m[K
gmake[2]: *** [CMakeFiles/sdkeli_ls_core.dir/build.make:90: CMakeFiles/sdkeli_ls_core.dir/src/sdkeli_ls_common_udp.cpp.o] Error 1
gmake[2]: *** [CMakeFiles/sdkeli_ls_core.dir/build.make:76: CMakeFiles/sdkeli_ls_core.dir/src/sdkeli_ls_common.cpp.o] Error 1
gmake[1]: *** [CMakeFiles/Makefile2:139: CMakeFiles/sdkeli_ls_core.dir/all] Error 2
gmake: *** [Makefile:146: all] Error 2
