[0.017s] Invoking command in '/home/tri/gitee_ws/sdkeli_gitee/build/sdkeli_ls_udp': CMAKE_PREFIX_PATH=${CMAKE_PREFIX_PATH}:/home/tri/structure_ws/install/camera_info_manager_py:/home/tri/ros2_ws/install/sdkeli_test:/home/tri/ros2_ws/install/rtabmap_python:/opt/ros/jazzy /usr/bin/cmake --build /home/tri/gitee_ws/sdkeli_gitee/build/sdkeli_ls_udp -- -j8 -l8
[0.121s] [ 14%] [32mBuilding CXX object CMakeFiles/sdkeli_ls_core.dir/src/sdkeli_ls_common.cpp.o[0m
[0.121s] [ 42%] [32mBuilding CXX object CMakeFiles/sdkeli_ls_core.dir/src/sdkeli_ls_common_udp.cpp.o[0m
[0.121s] [ 42%] [32mBuilding CXX object CMakeFiles/sdkeli_ls_core.dir/src/sdkeli_ls_sensor_frame.cpp.o[0m
[0.174s] In file included from [01m[K/home/tri/gitee_ws/sdkeli_gitee/src/sdkeli_ls_sensor_frame.cpp:1[m[K:
[0.174s] [01m[K/home/tri/gitee_ws/sdkeli_gitee/include/sdkeli_ls_udp/sdkeli_ls_sensor_frame.h:20:24:[m[K [01;35m[Kwarning: [m[KISO C++ forbids zero-size array â€˜[01m[Ksens_data[m[Kâ€™ [[01;35m[K]8;;https://gcc.gnu.org/onlinedocs/gcc/Warning-Options.html#index-Wpedantic-Wpedantic]8;;[m[K]
[0.175s]    20 |     uint16_t sens_data[[01;35m[K0[m[K];
[0.175s]       |                        [01;35m[K^[m[K
[2.955s] [01m[K/home/tri/gitee_ws/sdkeli_gitee/src/sdkeli_ls_common.cpp:[m[K In member function â€˜[01m[Kint sdkeli_ls_udp::CSDKeliLsCommon::[01;32m[KLoopOnce[m[K()[m[Kâ€™:
[2.955s] [01m[K/home/tri/gitee_ws/sdkeli_gitee/src/sdkeli_ls_common.cpp:148:30:[m[K [01;35m[Kwarning: [m[Kcomparison of integer expressions of different signedness: â€˜[01m[Kunsigned int[m[Kâ€™ and â€˜[01m[Kint[m[Kâ€™ [[01;35m[K]8;;https://gcc.gnu.org/onlinedocs/gcc/Warning-Options.html#index-Wsign-compare-Wsign-compare]8;;[m[K]
[2.955s]   148 |   for (unsigned int i = 0; [01;35m[Ki < sub_pkg_num - 1[m[K; ++i)
[2.955s]       |                            [01;35m[K~~^~~~~~~~~~~~~~~~~[m[K
[2.957s] [01m[K/home/tri/gitee_ws/sdkeli_gitee/src/sdkeli_ls_common.cpp:[m[K At global scope:
[2.957s] [01m[K/home/tri/gitee_ws/sdkeli_gitee/src/sdkeli_ls_common.cpp:212:6:[m[K [01;31m[Kerror: [m[Kno declaration matches â€˜[01m[Kvoid sdkeli_ls_udp::CSDKeliLsCommon::[01;32m[KDumpLaserMessage[m[K(sensor_msgs::msg::LaserScan&)[m[Kâ€™
[2.958s]   212 | void [01;31m[KCSDKeliLsCommon[m[K::DumpLaserMessage(
[2.958s]       |      [01;31m[K^~~~~~~~~~~~~~~[m[K
[2.958s] [01m[K/home/tri/gitee_ws/sdkeli_gitee/src/sdkeli_ls_common.cpp:212:6:[m[K [01;36m[Knote: [m[Kno functions named â€˜[01m[Kvoid sdkeli_ls_udp::CSDKeliLsCommon::[01;32m[KDumpLaserMessage[m[K(sensor_msgs::msg::LaserScan&)[m[Kâ€™
[2.958s] In file included from [01m[K/home/tri/gitee_ws/sdkeli_gitee/src/sdkeli_ls_common.cpp:1[m[K:
[2.958s] [01m[K/home/tri/gitee_ws/sdkeli_gitee/include/sdkeli_ls_udp/sdkeli_ls_common.h:15:7:[m[K [01;36m[Knote: [m[Kâ€˜[01m[Kclass sdkeli_ls_udp::CSDKeliLsCommon[m[Kâ€™ defined here
[2.959s]    15 | class [01;36m[KCSDKeliLsCommon[m[K
[2.959s]       |       [01;36m[K^~~~~~~~~~~~~~~[m[K
[4.353s] gmake[2]: *** [CMakeFiles/sdkeli_ls_core.dir/build.make:76: CMakeFiles/sdkeli_ls_core.dir/src/sdkeli_ls_common.cpp.o] Error 1
[4.353s] gmake[1]: *** [CMakeFiles/Makefile2:139: CMakeFiles/sdkeli_ls_core.dir/all] Error 2
[4.353s] gmake: *** [Makefile:146: all] Error 2
[4.356s] Invoked command in '/home/tri/gitee_ws/sdkeli_gitee/build/sdkeli_ls_udp' returned '2': CMAKE_PREFIX_PATH=${CMAKE_PREFIX_PATH}:/home/tri/structure_ws/install/camera_info_manager_py:/home/tri/ros2_ws/install/sdkeli_test:/home/tri/ros2_ws/install/rtabmap_python:/opt/ros/jazzy /usr/bin/cmake --build /home/tri/gitee_ws/sdkeli_gitee/build/sdkeli_ls_udp -- -j8 -l8
